<?xml version="1.0" encoding="UTF-8"?>
<!-- Generated by org.testng.reporters.JUnitReportReporter -->
<testsuite hostname="WELCOME" failures="0" tests="1" name="app.tests.TutorialRepublicTest" time="16.736" errors="0" timestamp="2022-03-15T23:24:45 IST" skipped="0">
  <testcase classname="app.tests.TutorialRepublicTest" name="verifyTRWebPage" time="16.736"/>
</testsuite> <!-- app.tests.TutorialRepublicTest -->
