<?xml version="1.0" encoding="UTF-8"?>
<!-- Generated by org.testng.reporters.JUnitReportReporter -->
<testsuite hostname="WELCOME" failures="0" tests="3" name="app.tests.TutorialRepublicTest" time="109.641" errors="0" timestamp="2022-03-23T07:48:58 IST" skipped="2">
  <testcase classname="app.tests.TutorialRepublicTest" name="verifyTRWebPage" time="109.641"/>
  <testcase classname="app.tests.TutorialRepublicTest" name="verifyEachMenu">
    <skipped/>
  </testcase> <!-- verifyEachMenu -->
  <testcase classname="app.tests.TutorialRepublicTest" name="verifyTRChapterList">
    <skipped/>
  </testcase> <!-- verifyTRChapterList -->
</testsuite> <!-- app.tests.TutorialRepublicTest -->
